0 info it worked if it ends with ok
1 verbose cli [ 'node',
1 verbose cli   'c:\\Users\\Administrator\\AppData\\Roaming\\npm\\node_modules\\cnpm\\node_modules\\npm\\bin\\npm-cli.js',
1 verbose cli   '--userconfig=c:\\Users\\Administrator\\.cnpmrc',
1 verbose cli   '--disturl=https://npm.taobao.org/dist',
1 verbose cli   '--cache=c:\\Users\\Administrator\\.npm\\.cache_cnpm',
1 verbose cli   '--registry=https://registry.npm.taobao.org',
1 verbose cli   'remove',
1 verbose cli   'co-view' ]
2 info using npm@2.1.10
3 info using node@v0.11.14
4 verbose unbuild node_modules\co-view
5 verbose gentlyRm vacuuming c:\Users\Administrator\Desktop\Node\sm-koa\node_modules\co-view
6 verbose stack Error: c:\Users\Administrator\Desktop\Node\sm-koa\node_modules\co-view is not a child of C:\Users\Administrator\Desktop\Node\sm-koa
6 verbose stack     at vacuum (c:\Users\Administrator\AppData\Roaming\npm\node_modules\cnpm\node_modules\npm\node_modules\fs-vacuum\vacuum.js:24:15)
6 verbose stack     at gentlyRm (c:\Users\Administrator\AppData\Roaming\npm\node_modules\cnpm\node_modules\npm\lib\utils\gently-rm.js:46:12)
6 verbose stack     at c:\Users\Administrator\AppData\Roaming\npm\node_modules\cnpm\node_modules\npm\lib\unbuild.js:30:20
6 verbose stack     at c:\Users\Administrator\AppData\Roaming\npm\node_modules\cnpm\node_modules\npm\node_modules\read-package-json\read-json.js:51:40
6 verbose stack     at c:\Users\Administrator\AppData\Roaming\npm\node_modules\cnpm\node_modules\npm\node_modules\read-package-json\read-json.js:97:49
6 verbose stack     at evalmachine.<anonymous>:224:20
6 verbose stack     at OpenReq.Req.done (c:\Users\Administrator\AppData\Roaming\npm\node_modules\cnpm\node_modules\npm\node_modules\graceful-fs\graceful-fs.js:141:5)
6 verbose stack     at OpenReq.done (c:\Users\Administrator\AppData\Roaming\npm\node_modules\cnpm\node_modules\npm\node_modules\graceful-fs\graceful-fs.js:61:22)
6 verbose stack     at Object.oncomplete (evalmachine.<anonymous>:93:15)
7 verbose cwd C:\Users\Administrator\Desktop\Node\sm-koa
8 error Windows_NT 6.1.7601
9 error argv "node" "c:\\Users\\Administrator\\AppData\\Roaming\\npm\\node_modules\\cnpm\\node_modules\\npm\\bin\\npm-cli.js" "--userconfig=c:\\Users\\Administrator\\.cnpmrc" "--disturl=https://npm.taobao.org/dist" "--cache=c:\\Users\\Administrator\\.npm\\.cache_cnpm" "--registry=https://registry.npm.taobao.org" "remove" "co-view"
10 error node v0.11.14
11 error npm  v2.1.10
12 error c:\Users\Administrator\Desktop\Node\sm-koa\node_modules\co-view is not a child of C:\Users\Administrator\Desktop\Node\sm-koa
13 error If you need help, you may report this error at:
13 error     <http://github.com/npm/npm/issues>
14 verbose exit [ 1, true ]
